# JRE version: Java(TM) SE Runtime Environment (9.0+11) (build 9.0.1+11)
# Java VM: Java HotSpot(TM) 64-Bit Server VM (9.0.1+11, mixed mode, tiered, compressed oops, g1 gc, bsd-amd64)
Heap:
 garbage-first heap   total 227328K, used 131941K [0x0000000740000000, 0x00000007401006f0, 0x00000007c0000000)
  region size 1024K, 99 young (101376K), 1 survivors (1024K)
 Metaspace       used 34025K, capacity 36534K, committed 36688K, reserved 1081344K
  class space    used 4299K, capacity 4761K, committed 4864K, reserved 1048576K
GC Heap History (10 events):
Event: 17.607 GC heap before
{Heap before GC invocations=38 (full 0):
 garbage-first heap   total 227328K, used 167279K [0x0000000740000000, 0x00000007401006f0, 0x00000007c0000000)
  region size 1024K, 133 young (136192K), 1 survivors (1024K)
 Metaspace       used 33985K, capacity 36398K, committed 36688K, reserved 1081344K
  class space    used 4299K, capacity 4761K, committed 4864K, reserved 1048576K
}
Event: 17.609 GC heap after
{Heap after GC invocations=39 (full 0):
 garbage-first heap   total 227328K, used 32217K [0x0000000740000000, 0x00000007401006f0, 0x00000007c0000000)
  region size 1024K, 1 young (1024K), 1 survivors (1024K)
 Metaspace       used 33985K, capacity 36398K, committed 36688K, reserved 1081344K
  class space    used 4299K, capacity 4761K, committed 4864K, reserved 1048576K
}
Event: 17.741 GC heap before
{Heap before GC invocations=39 (full 0):
 garbage-first heap   total 227328K, used 167385K [0x0000000740000000, 0x00000007401006f0, 0x00000007c0000000)
  region size 1024K, 133 young (136192K), 1 survivors (1024K)
 Metaspace       used 34003K, capacity 36470K, committed 36688K, reserved 1081344K
  class space    used 4299K, capacity 4761K, committed 4864K, reserved 1048576K
}
Event: 17.742 GC heap after
{Heap after GC invocations=40 (full 0):
 garbage-first heap   total 227328K, used 32323K [0x0000000740000000, 0x00000007401006f0, 0x00000007c0000000)
  region size 1024K, 1 young (1024K), 1 survivors (1024K)
 Metaspace       used 34003K, capacity 36470K, committed 36688K, reserved 1081344K
  class space    used 4299K, capacity 4761K, committed 4864K, reserved 1048576K
}
Event: 17.873 GC heap before
{Heap before GC invocations=40 (full 0):
 garbage-first heap   total 227328K, used 167491K [0x0000000740000000, 0x00000007401006f0, 0x00000007c0000000)
  region size 1024K, 133 young (136192K), 1 survivors (1024K)
 Metaspace       used 34004K, capacity 36470K, committed 36688K, reserved 1081344K
  class space    used 4299K, capacity 4761K, committed 4864K, reserved 1048576K
}
Event: 17.875 GC heap after
{Heap after GC invocations=41 (full 0):
 garbage-first heap   total 227328K, used 32422K [0x0000000740000000, 0x00000007401006f0, 0x00000007c0000000)
  region size 1024K, 1 young (1024K), 1 survivors (1024K)
 Metaspace       used 34004K, capacity 36470K, committed 36688K, reserved 1081344K
  class space    used 4299K, capacity 4761K, committed 4864K, reserved 1048576K
}
Event: 18.033 GC heap before
{Heap before GC invocations=41 (full 0):
 garbage-first heap   total 227328K, used 167590K [0x0000000740000000, 0x00000007401006f0, 0x00000007c0000000)
  region size 1024K, 133 young (136192K), 1 survivors (1024K)
 Metaspace       used 34016K, capacity 36534K, committed 36688K, reserved 1081344K
  class space    used 4299K, capacity 4761K, committed 4864K, reserved 1048576K
}
Event: 18.036 GC heap after
{Heap after GC invocations=42 (full 0):
 garbage-first heap   total 227328K, used 32524K [0x0000000740000000, 0x00000007401006f0, 0x00000007c0000000)
  region size 1024K, 1 young (1024K), 1 survivors (1024K)
 Metaspace       used 34016K, capacity 36534K, committed 36688K, reserved 1081344K
  class space    used 4299K, capacity 4761K, committed 4864K, reserved 1048576K
}
Event: 18.180 GC heap before
{Heap before GC invocations=42 (full 0):
 garbage-first heap   total 227328K, used 167692K [0x0000000740000000, 0x00000007401006f0, 0x00000007c0000000)
  region size 1024K, 133 young (136192K), 1 survivors (1024K)
 Metaspace       used 34024K, capacity 36534K, committed 36688K, reserved 1081344K
  class space    used 4299K, capacity 4761K, committed 4864K, reserved 1048576K
}
Event: 18.182 GC heap after
{Heap after GC invocations=43 (full 0):
 garbage-first heap   total 227328K, used 32613K [0x0000000740000000, 0x00000007401006f0, 0x00000007c0000000)
  region size 1024K, 1 young (1024K), 1 survivors (1024K)
 Metaspace       used 34024K, capacity 36534K, committed 36688K, reserved 1081344K
  class space    used 4299K, capacity 4761K, committed 4864K, reserved 1048576K
}

