# JRE version: Java(TM) SE Runtime Environment (9.0+11) (build 9.0.1+11)
# Java VM: Java HotSpot(TM) 64-Bit Server VM (9.0.1+11, mixed mode, tiered, compressed oops, g1 gc, bsd-amd64)
Heap:
 garbage-first heap   total 233472K, used 90607K [0x0000000740000000, 0x0000000740100720, 0x00000007c0000000)
  region size 1024K, 57 young (58368K), 2 survivors (2048K)
 Metaspace       used 33860K, capacity 36300K, committed 36560K, reserved 1081344K
  class space    used 4293K, capacity 4728K, committed 4736K, reserved 1048576K
GC Heap History (10 events):
Event: 14.093 GC heap before
{Heap before GC invocations=17 (full 0):
 garbage-first heap   total 189440K, used 145208K [0x0000000740000000, 0x00000007401005c8, 0x00000007c0000000)
  region size 1024K, 111 young (113664K), 3 survivors (3072K)
 Metaspace       used 33775K, capacity 36232K, committed 36304K, reserved 1081344K
  class space    used 4293K, capacity 4728K, committed 4736K, reserved 1048576K
}
Event: 14.098 GC heap after
{Heap after GC invocations=18 (full 0):
 garbage-first heap   total 189440K, used 34810K [0x0000000740000000, 0x00000007401005c8, 0x00000007c0000000)
  region size 1024K, 3 young (3072K), 3 survivors (3072K)
 Metaspace       used 33775K, capacity 36232K, committed 36304K, reserved 1081344K
  class space    used 4293K, capacity 4728K, committed 4736K, reserved 1048576K
}
Event: 14.292 GC heap before
{Heap before GC invocations=18 (full 0):
 garbage-first heap   total 189440K, used 145402K [0x0000000740000000, 0x00000007401005c8, 0x00000007c0000000)
  region size 1024K, 111 young (113664K), 3 survivors (3072K)
 Metaspace       used 33786K, capacity 36232K, committed 36304K, reserved 1081344K
  class space    used 4293K, capacity 4728K, committed 4736K, reserved 1048576K
}
Event: 14.298 GC heap after
{Heap after GC invocations=19 (full 0):
 garbage-first heap   total 189440K, used 34828K [0x0000000740000000, 0x00000007401005c8, 0x00000007c0000000)
  region size 1024K, 3 young (3072K), 3 survivors (3072K)
 Metaspace       used 33786K, capacity 36232K, committed 36304K, reserved 1081344K
  class space    used 4293K, capacity 4728K, committed 4736K, reserved 1048576K
}
Event: 14.515 GC heap before
{Heap before GC invocations=19 (full 0):
 garbage-first heap   total 189440K, used 145420K [0x0000000740000000, 0x00000007401005c8, 0x00000007c0000000)
  region size 1024K, 111 young (113664K), 3 survivors (3072K)
 Metaspace       used 33816K, capacity 36296K, committed 36304K, reserved 1081344K
  class space    used 4293K, capacity 4728K, committed 4736K, reserved 1048576K
}
Event: 14.518 GC heap after
{Heap after GC invocations=20 (full 0):
 garbage-first heap   total 189440K, used 34954K [0x0000000740000000, 0x00000007401005c8, 0x00000007c0000000)
  region size 1024K, 3 young (3072K), 3 survivors (3072K)
 Metaspace       used 33816K, capacity 36296K, committed 36304K, reserved 1081344K
  class space    used 4293K, capacity 4728K, committed 4736K, reserved 1048576K
}
Event: 14.752 GC heap before
{Heap before GC invocations=20 (full 0):
 garbage-first heap   total 189440K, used 145546K [0x0000000740000000, 0x00000007401005c8, 0x00000007c0000000)
  region size 1024K, 111 young (113664K), 3 survivors (3072K)
 Metaspace       used 33851K, capacity 36296K, committed 36304K, reserved 1081344K
  class space    used 4293K, capacity 4728K, committed 4736K, reserved 1048576K
}
Event: 14.757 GC heap after
{Heap after GC invocations=21 (full 0):
 garbage-first heap   total 189440K, used 35207K [0x0000000740000000, 0x00000007401005c8, 0x00000007c0000000)
  region size 1024K, 3 young (3072K), 3 survivors (3072K)
 Metaspace       used 33851K, capacity 36296K, committed 36304K, reserved 1081344K
  class space    used 4293K, capacity 4728K, committed 4736K, reserved 1048576K
}
Event: 15.000 GC heap before
{Heap before GC invocations=21 (full 0):
 garbage-first heap   total 189440K, used 145799K [0x0000000740000000, 0x00000007401005c8, 0x00000007c0000000)
  region size 1024K, 111 young (113664K), 3 survivors (3072K)
 Metaspace       used 33855K, capacity 36296K, committed 36304K, reserved 1081344K
  class space    used 4293K, capacity 4728K, committed 4736K, reserved 1048576K
}
Event: 15.006 GC heap after
{Heap after GC invocations=22 (full 0):
 garbage-first heap   total 233472K, used 35311K [0x0000000740000000, 0x0000000740100720, 0x00000007c0000000)
  region size 1024K, 2 young (2048K), 2 survivors (2048K)
 Metaspace       used 33855K, capacity 36296K, committed 36304K, reserved 1081344K
  class space    used 4293K, capacity 4728K, committed 4736K, reserved 1048576K
}

