# JRE version: Java(TM) SE Runtime Environment (9.0+11) (build 9.0.1+11)
# Java VM: Java HotSpot(TM) 64-Bit Server VM (9.0.1+11, mixed mode, tiered, compressed oops, g1 gc, bsd-amd64)
Heap:
 garbage-first heap   total 592896K, used 95938K [0x0000000740000000, 0x0000000740101218, 0x00000007c0000000)
  region size 1024K, 64 young (65536K), 1 survivors (1024K)
 Metaspace       used 34346K, capacity 36832K, committed 37072K, reserved 1081344K
  class space    used 4294K, capacity 4728K, committed 4736K, reserved 1048576K
GC Heap History (10 events):
Event: 35.631 GC heap before
{Heap before GC invocations=242 (full 0):
 garbage-first heap   total 592896K, used 386747K [0x0000000740000000, 0x0000000740101218, 0x00000007c0000000)
  region size 1024K, 347 young (355328K), 1 survivors (1024K)
 Metaspace       used 34321K, capacity 36768K, committed 36816K, reserved 1081344K
  class space    used 4294K, capacity 4728K, committed 4736K, reserved 1048576K
}
Event: 35.632 GC heap after
{Heap after GC invocations=243 (full 0):
 garbage-first heap   total 592896K, used 32440K [0x0000000740000000, 0x0000000740101218, 0x00000007c0000000)
  region size 1024K, 1 young (1024K), 1 survivors (1024K)
 Metaspace       used 34321K, capacity 36768K, committed 36816K, reserved 1081344K
  class space    used 4294K, capacity 4728K, committed 4736K, reserved 1048576K
}
Event: 35.676 GC heap before
{Heap before GC invocations=243 (full 0):
 garbage-first heap   total 592896K, used 386744K [0x0000000740000000, 0x0000000740101218, 0x00000007c0000000)
  region size 1024K, 347 young (355328K), 1 survivors (1024K)
 Metaspace       used 34321K, capacity 36768K, committed 36816K, reserved 1081344K
  class space    used 4294K, capacity 4728K, committed 4736K, reserved 1048576K
}
Event: 35.678 GC heap after
{Heap after GC invocations=244 (full 0):
 garbage-first heap   total 592896K, used 32448K [0x0000000740000000, 0x0000000740101218, 0x00000007c0000000)
  region size 1024K, 1 young (1024K), 1 survivors (1024K)
 Metaspace       used 34321K, capacity 36768K, committed 36816K, reserved 1081344K
  class space    used 4294K, capacity 4728K, committed 4736K, reserved 1048576K
}
Event: 35.713 GC heap before
{Heap before GC invocations=244 (full 0):
 garbage-first heap   total 592896K, used 386752K [0x0000000740000000, 0x0000000740101218, 0x00000007c0000000)
  region size 1024K, 347 young (355328K), 1 survivors (1024K)
 Metaspace       used 34341K, capacity 36832K, committed 37072K, reserved 1081344K
  class space    used 4294K, capacity 4728K, committed 4736K, reserved 1048576K
}
Event: 35.715 GC heap after
{Heap after GC invocations=245 (full 0):
 garbage-first heap   total 592896K, used 32444K [0x0000000740000000, 0x0000000740101218, 0x00000007c0000000)
  region size 1024K, 1 young (1024K), 1 survivors (1024K)
 Metaspace       used 34341K, capacity 36832K, committed 37072K, reserved 1081344K
  class space    used 4294K, capacity 4728K, committed 4736K, reserved 1048576K
}
Event: 35.757 GC heap before
{Heap before GC invocations=245 (full 0):
 garbage-first heap   total 592896K, used 386748K [0x0000000740000000, 0x0000000740101218, 0x00000007c0000000)
  region size 1024K, 347 young (355328K), 1 survivors (1024K)
 Metaspace       used 34346K, capacity 36832K, committed 37072K, reserved 1081344K
  class space    used 4294K, capacity 4728K, committed 4736K, reserved 1048576K
}
Event: 35.758 GC heap after
{Heap after GC invocations=246 (full 0):
 garbage-first heap   total 592896K, used 32452K [0x0000000740000000, 0x0000000740101218, 0x00000007c0000000)
  region size 1024K, 1 young (1024K), 1 survivors (1024K)
 Metaspace       used 34346K, capacity 36832K, committed 37072K, reserved 1081344K
  class space    used 4294K, capacity 4728K, committed 4736K, reserved 1048576K
}
Event: 35.785 GC heap before
{Heap before GC invocations=246 (full 0):
 garbage-first heap   total 592896K, used 386756K [0x0000000740000000, 0x0000000740101218, 0x00000007c0000000)
  region size 1024K, 347 young (355328K), 1 survivors (1024K)
 Metaspace       used 34346K, capacity 36832K, committed 37072K, reserved 1081344K
  class space    used 4294K, capacity 4728K, committed 4736K, reserved 1048576K
}
Event: 35.786 GC heap after
{Heap after GC invocations=247 (full 0):
 garbage-first heap   total 592896K, used 32450K [0x0000000740000000, 0x0000000740101218, 0x00000007c0000000)
  region size 1024K, 1 young (1024K), 1 survivors (1024K)
 Metaspace       used 34346K, capacity 36832K, committed 37072K, reserved 1081344K
  class space    used 4294K, capacity 4728K, committed 4736K, reserved 1048576K
}

